Accepted incoming BSP client connection at local:///var/folders/48/1pj7h7pn7dbby1n2srcjwfv80000gn/T/bsp571642045683925605/qd1pd6lmke3d.socket
request received: build/initialize
BSP initialization handshake complete.
Project root-test has no analysis and setup.
bby1n2srcjwfv80000gn/T/bsp571642045683925605/qd1pd6lmke3d.socket'
[34minfo [0m tracing is disabled for protocol BSP, to enable tracing of incoming and outgoing JSON messages create an empty file at /Users/marcy/Library/Caches/org.scalameta.metals/bsp.trace.json
[34minfo [0m time: connected to build server in 4.94s 
[34minfo [0m time: imported workspace in 5.13s 
[34minfo [0m shutting down Metals
[34minfo [0m bloop exit: 1
[31merror[0m Failed to connect with build server, no functionality will work.
java.util.concurrent.CancellationException
	at java.util.concurrent.CompletableFuture.cancel(CompletableFuture.java:2263)
	at org.eclipse.lsp4j.jsonrpc.RemoteEndpoint$1.cancel(RemoteEndpoint.java:151)
	at scala.meta.internal.metals.BuildServerConnection.$anonfun$register$2(BuildServerConnection.scala:45)
	at scala.runtime.java8.JFunction0$mcZ$sp.apply(JFunction0$mcZ$sp.java:23)
	at scala.util.Try$.apply(Try.scala:213)
	at scala.meta.internal.metals.BuildServerConnection.$anonfun$register$1(BuildServerConnection.scala:45)
	at scala.meta.internal.metals.Cancelable$$anon$1.cancel(Cancelable.scala:17)
	at scala.meta.internal.metals.Cancelable$.$anonfun$cancelAll$1(Cancelable.scala:27)
	at scala.collection.Iterator.foreach(Iterator.scala:941)
	at scala.collection.Iterator.foreach$(Iterator.scala:941)
	at scala.collection.AbstractIterator.foreach(Iterator.scala:1429)
	at scala.collection.IterableLike.foreach(IterableLike.scala:74)
	at scala.collection.IterableLike.foreach$(IterableLike.scala:73)
	at scala.collection.AbstractIterable.foreach(Iterable.scala:56)
	at scala.meta.internal.metals.Cancelable$.cancelAll(Cancelable.scala:26)
	at scala.meta.internal.metals.MutableCancelable.cancel(MutableCancelable.scala:19)
	at scala.meta.internal.metals.BuildServerConnection.cancel(BuildServerConnection.scala:56)
	at scala.meta.internal.metals.Cancelable$.$anonfun$cancelAll$1(Cancelable.scala:27)
	at scala.collection.Iterator.foreach(Iterator.scala:941)
	at scala.collection.Iterator.foreach$(Iterator.scala:941)
	at scala.collection.AbstractIterator.foreach(Iterator.scala:1429)
	at scala.collection.IterableLike.foreach(IterableLike.scala:74)
	at scala.collection.IterableLike.foreach$(IterableLike.scala:73)
	at scala.collection.AbstractIterable.foreach(Iterable.scala:56)
	at scala.meta.internal.metals.Cancelable$.cancelAll(Cancelable.scala:26)
	at scala.meta.internal.metals.MutableCancelable.cancel(MutableCancelable.scala:19)
	at scala.meta.internal.metals.MetalsLanguageServer.shutdown(MetalsLanguageServer.scala:346)
	at sun.reflect.NativeMethodAccessorImpl.invoke0(Native Method)
	at sun.reflect.NativeMethodAccessorImpl.invoke(NativeMethodAccessorImpl.java:62)
	at sun.reflect.DelegatingMethodAccessorImpl.invoke(DelegatingMethodAccessorImpl.java:43)
	at java.lang.reflect.Method.invoke(Method.java:498)
	at org.eclipse.lsp4j.jsonrpc.services.GenericEndpoint.lambda$null$0(GenericEndpoint.java:65)
	at org.eclipse.lsp4j.jsonrpc.services.GenericEndpoint.request(GenericEndpoint.java:120)
	at org.eclipse.lsp4j.jsonrpc.RemoteEndpoint.handleRequest(RemoteEndpoint.java:261)
	at org.eclipse.lsp4j.jsonrpc.RemoteEndpoint.consume(RemoteEndpoint.java:190)
	at org.eclipse.lsp4j.jsonrpc.json.StreamMessageProducer.handleMessage(StreamMessageProducer.java:192)
	at org.eclipse.lsp4j.jsonrpc.json.StreamMessageProducer.listen(StreamMessageProducer.java:94)
	at org.eclipse.lsp4j.jsonrpc.json.ConcurrentMessageProcessor.run(ConcurrentMessageProcessor.java:99)
	at java.util.concurrent.Executors$RunnableAdapter.call(Executors.java:511)
	at java.util.concurrent.FutureTask.run(FutureTask.java:266)
	at java.util.concurrent.ThreadPoolExecutor.runWorker(ThreadPoolExecutor.java:1149)
	at java.util.concurrent.ThreadPoolExecutor$Worker.run(ThreadPoolExecutor.java:624)
	at java.lang.Thread.run(Thread.java:748)

